[I 2026-03-03 19:02:10.551 ServerApp] Extension package panel.io.jupyter_server_extension took 0.4440s to import
[I 2026-03-03 19:02:10.551 ServerApp] jupyter_lsp | extension was successfully linked.
[I 2026-03-03 19:02:10.553 ServerApp] jupyter_server_terminals | extension was successfully linked.
[I 2026-03-03 19:02:10.555 ServerApp] jupyterlab | extension was successfully linked.
[I 2026-03-03 19:02:10.556 ServerApp] notebook | extension was successfully linked.
[I 2026-03-03 19:02:10.677 ServerApp] notebook_shim | extension was successfully linked.
[I 2026-03-03 19:02:10.677 ServerApp] panel.io.jupyter_server_extension | extension was successfully linked.
[I 2026-03-03 19:02:10.689 ServerApp] notebook_shim | extension was successfully loaded.
[I 2026-03-03 19:02:10.690 ServerApp] jupyter_lsp | extension was successfully loaded.
[I 2026-03-03 19:02:10.691 ServerApp] jupyter_server_terminals | extension was successfully loaded.
[I 2026-03-03 19:02:10.693 LabApp] JupyterLab extension loaded from /opt/anaconda3/lib/python3.13/site-packages/jupyterlab
[I 2026-03-03 19:02:10.693 LabApp] JupyterLab application directory is /opt/anaconda3/share/jupyter/lab
[I 2026-03-03 19:02:10.693 LabApp] Extension Manager is 'pypi'.
[I 2026-03-03 19:02:10.718 ServerApp] jupyterlab | extension was successfully loaded.
[I 2026-03-03 19:02:10.720 ServerApp] notebook | extension was successfully loaded.
[I 2026-03-03 19:02:10.720 ServerApp] panel.io.jupyter_server_extension | extension was successfully loaded.
[I 2026-03-03 19:02:10.721 ServerApp] Serving notebooks from local directory: /home/jeking/github/myCodeFromKSU/cs7357
[I 2026-03-03 19:02:10.721 ServerApp] Jupyter Server 2.16.0 is running at:
[I 2026-03-03 19:02:10.721 ServerApp] http://msi:8888/tree?token=15b2dbf664317b06e4b61b15852502434db245e060641b31
[I 2026-03-03 19:02:10.721 ServerApp]     http://127.0.0.1:8888/tree?token=15b2dbf664317b06e4b61b15852502434db245e060641b31
[I 2026-03-03 19:02:10.721 ServerApp] Use Control-C to stop this server and shut down all kernels (twice to skip confirmation).
[C 2026-03-03 19:02:10.722 ServerApp] 
    
    To access the server, open this file in a browser:
        file:///home/jeking/.local/share/jupyter/runtime/jpserver-107703-open.html
    Or copy and paste one of these URLs:
        http://msi:8888/tree?token=15b2dbf664317b06e4b61b15852502434db245e060641b31
        http://127.0.0.1:8888/tree?token=15b2dbf664317b06e4b61b15852502434db245e060641b31
[I 2026-03-03 19:02:10.738 ServerApp] Skipped non-installed server(s): bash-language-server, dockerfile-language-server-nodejs, javascript-typescript-langserver, jedi-language-server, julia-language-server, pyright, python-language-server, r-languageserver, sql-language-server, texlab, typescript-language-server, unified-language-server, vscode-css-languageserver-bin, vscode-html-languageserver-bin, vscode-json-languageserver-bin, yaml-language-server
[I 2026-03-03 19:02:44.473 ServerApp] Kernel started: b804fd86-495e-47c4-a2aa-6956747baf32
[I 2026-03-03 19:02:44.839 ServerApp] Connecting to kernel b804fd86-495e-47c4-a2aa-6956747baf32.
[W 2026-03-03 19:02:44.840 ServerApp] The websocket_ping_timeout (90000) cannot be longer than the websocket_ping_interval (30000).
    Setting websocket_ping_timeout=30000
[I 2026-03-03 19:02:44.852 ServerApp] Connecting to kernel b804fd86-495e-47c4-a2aa-6956747baf32.
[I 2026-03-03 19:02:44.864 ServerApp] Connecting to kernel b804fd86-495e-47c4-a2aa-6956747baf32.
[I 2026-03-03 19:02:47.649 ServerApp] Connecting to kernel b804fd86-495e-47c4-a2aa-6956747baf32.
[I 2026-03-03 19:04:44.316 ServerApp] Saving file at /dementianet.ipynb
[I 2026-03-03 19:06:44.378 ServerApp] Saving file at /dementianet.ipynb
[I 2026-03-03 19:08:44.428 ServerApp] Saving file at /dementianet.ipynb
[I 2026-03-03 19:09:50.463 ServerApp] AsyncIOLoopKernelRestarter: restarting kernel (1/5), keep random ports
[W 2026-03-03 19:09:50.464 ServerApp] kernel b804fd86-495e-47c4-a2aa-6956747baf32 restarted
[I 2026-03-03 19:09:50.473 ServerApp] Starting buffering for b804fd86-495e-47c4-a2aa-6956747baf32:a9a96a94-1477-4416-9e1c-0eab1419c7c4
[I 2026-03-03 19:09:50.490 ServerApp] Connecting to kernel b804fd86-495e-47c4-a2aa-6956747baf32.
[I 2026-03-03 19:09:50.490 ServerApp] Restoring connection for b804fd86-495e-47c4-a2aa-6956747baf32:a9a96a94-1477-4416-9e1c-0eab1419c7c4
[I 2026-03-03 19:14:44.498 ServerApp] Saving file at /dementianet.ipynb
[I 2026-03-03 19:16:44.649 ServerApp] Saving file at /dementianet.ipynb
[I 2026-03-03 19:35:37.885 ServerApp] Starting buffering for b804fd86-495e-47c4-a2aa-6956747baf32:a9a96a94-1477-4416-9e1c-0eab1419c7c4
[I 2026-03-03 19:36:14.375 ServerApp] Connecting to kernel b804fd86-495e-47c4-a2aa-6956747baf32.
[I 2026-03-03 19:36:14.504 ServerApp] Starting buffering for b804fd86-495e-47c4-a2aa-6956747baf32:078ffbb9-8aa2-4097-910d-489e49157c1e
[I 2026-03-03 19:36:20.895 ServerApp] Kernel shutdown: b804fd86-495e-47c4-a2aa-6956747baf32
[I 2026-03-03 19:36:22.119 ServerApp] Shutting down on /api/shutdown request.
[I 2026-03-03 19:36:22.120 ServerApp] Shutting down 6 extensions
